<?xml version="1.0" encoding="UTF-8"?>
<!-- Generated by org.testng.reporters.JUnitReportReporter -->
<testsuite skipped="1" hostname="Admin-PC" name="test.TestDataProvider" tests="1" failures="0" timestamp="23 Oct 2017 17:36:32 GMT" time="0.000" errors="0">
  <testcase name="printdata" time="0.000" classname="test.TestDataProvider">
    <skipped/>
  </testcase> <!-- printdata -->
</testsuite> <!-- test.TestDataProvider -->
